<?xml version="1.0" encoding="UTF-8"?>
<!-- Generated by org.testng.reporters.JUnitReportReporter -->
<testsuite hostname="MKSGROUP" failures="0" tests="2" name="com.SwagLab.testScripts.ProductOrder" time="53.390" errors="0" timestamp="2023-12-30T00:26:28 IST" skipped="0">
  <testcase classname="com.SwagLab.testScripts.ProductOrder" name="productOrder" time="24.537"/>
  <system-out/>
  <testcase classname="com.SwagLab.testScripts.ProductOrder" name="productOrder" time="28.853"/>
  <system-out/>
</testsuite> <!-- com.SwagLab.testScripts.ProductOrder -->
